<?xml version="1.0" encoding="UTF-8"?>
<!-- Generated by org.testng.reporters.JUnitXMLReporter -->
<testsuite ignored="0" hostname="Jyotheeswar-PC" failures="0" tests="3" name="Default test" time="9.205" errors="0" timestamp="2024-01-10T12:30:27 IST">
  <testcase classname="Iblesoft.AmericanEgal.Basecls" name="@BeforeClass LaunchBrowser" time="9.108">
    <failure type="java.lang.AssertionError" message="expected [IBLESOFT] but found []">
      <![CDATA[java.lang.AssertionError: expected [IBLESOFT] but found []
at org.testng.Assert.fail(Assert.java:99)
at org.testng.Assert.failNotEquals(Assert.java:1037)
at org.testng.Assert.assertEqualsImpl(Assert.java:140)
at org.testng.Assert.assertEquals(Assert.java:122)
at org.testng.Assert.assertEquals(Assert.java:629)
at org.testng.Assert.assertEquals(Assert.java:639)
at Iblesoft.AmericanEgal.Basecls.LaunchBrowser(Basecls.java:36)
at java.base/jdk.internal.reflect.DirectMethodHandleAccessor.invoke(DirectMethodHandleAccessor.java:104)
at java.base/java.lang.reflect.Method.invoke(Method.java:577)
at org.testng.internal.MethodInvocationHelper.invokeMethod(MethodInvocationHelper.java:133)
at org.testng.internal.MethodInvocationHelper.invokeMethodConsideringTimeout(MethodInvocationHelper.java:62)
at org.testng.internal.ConfigInvoker.invokeConfigurationMethod(ConfigInvoker.java:385)
at org.testng.internal.ConfigInvoker.invokeConfigurations(ConfigInvoker.java:321)
at org.testng.internal.TestMethodWorker.invokeBeforeClassMethods(TestMethodWorker.java:176)
at org.testng.internal.TestMethodWorker.run(TestMethodWorker.java:122)
at java.base/java.util.ArrayList.forEach(ArrayList.java:1511)
at org.testng.TestRunner.privateRun(TestRunner.java:794)
at org.testng.TestRunner.run(TestRunner.java:596)
at org.testng.SuiteRunner.runTest(SuiteRunner.java:377)
at org.testng.SuiteRunner.runSequentially(SuiteRunner.java:371)
at org.testng.SuiteRunner.privateRun(SuiteRunner.java:332)
at org.testng.SuiteRunner.run(SuiteRunner.java:276)
at org.testng.SuiteRunnerWorker.runSuite(SuiteRunnerWorker.java:53)
at org.testng.SuiteRunnerWorker.run(SuiteRunnerWorker.java:96)
at org.testng.TestNG.runSuitesSequentially(TestNG.java:1212)
at org.testng.TestNG.runSuitesLocally(TestNG.java:1134)
at org.testng.TestNG.runSuites(TestNG.java:1063)
at org.testng.TestNG.run(TestNG.java:1031)
at org.testng.remote.AbstractRemoteTestNG.run(AbstractRemoteTestNG.java:115)
at org.testng.remote.RemoteTestNG.initAndRun(RemoteTestNG.java:251)
at org.testng.remote.RemoteTestNG.main(RemoteTestNG.java:77)
]]>
    </failure>
  </testcase> <!-- @BeforeClass LaunchBrowser -->
  <testcase classname="Iblesoft.AmericanEgal.Basecls" name="@AfterClass Teardown" time="-1.704870027371E9">
    <skipped/>
  </testcase> <!-- @AfterClass Teardown -->
  <testcase classname="Iblesoft.AmericanEgal.Testcls" name="lnc" time="0.0">
    <skipped/>
  </testcase> <!-- lnc -->
  <testcase classname="Iblesoft.AmericanEgal.Testcls" name="pickup" time="0.0">
    <skipped/>
  </testcase> <!-- pickup -->
  <testcase classname="Iblesoft.AmericanEgal.Testcls" name="pretest" time="0.0">
    <skipped/>
  </testcase> <!-- pretest -->
</testsuite> <!-- Default test -->
